# JRE version: OpenJDK Runtime Environment (17.0.6) (build 17.0.6+0-b2043.56-10027231)
# Java VM: OpenJDK 64-Bit Server VM (17.0.6+0-b2043.56-10027231, mixed mode, tiered, compressed oops, compressed class ptrs, g1 gc, windows-amd64)
GC Precious Log:
 CPUs: 4 total, 4 available
 Memory: 4005M
 Large Page Support: Disabled
 NUMA Support: Disabled
 Compressed Oops: Enabled (32-bit)
 Heap Region Size: 1M
 Heap Min Capacity: 8M
 Heap Initial Capacity: 64M
 Heap Max Capacity: 2G
 Pre-touch: Disabled
 Parallel Workers: 4
 Concurrent Workers: 1
 Concurrent Refinement Workers: 4
 Periodic GC: Disabled
Heap:
 garbage-first heap   total 498688K, used 308069K [0x0000000080000000, 0x0000000100000000)
  region size 1024K, 5 young (5120K), 5 survivors (5120K)
 Metaspace       used 131339K, committed 132352K, reserved 1171456K
  class space    used 17302K, committed 17792K, reserved 1048576K
GC Heap History (20 events):
Event: 1338.014 GC heap after
{Heap after GC invocations=58 (full 0):
 garbage-first heap   total 498688K, used 221602K [0x0000000080000000, 0x0000000100000000)
  region size 1024K, 30 young (30720K), 30 survivors (30720K)
 Metaspace       used 130238K, committed 131200K, reserved 1163264K
  class space    used 17275K, committed 17728K, reserved 1048576K
}
Event: 1338.351 GC heap before
{Heap before GC invocations=58 (full 0):
 garbage-first heap   total 498688K, used 246178K [0x0000000080000000, 0x0000000100000000)
  region size 1024K, 50 young (51200K), 30 survivors (30720K)
 Metaspace       used 130255K, committed 131264K, reserved 1163264K
  class space    used 17275K, committed 17728K, reserved 1048576K
}
Event: 1338.455 GC heap after
{Heap after GC invocations=59 (full 0):
 garbage-first heap   total 498688K, used 230911K [0x0000000080000000, 0x0000000100000000)
  region size 1024K, 3 young (3072K), 3 survivors (3072K)
 Metaspace       used 130255K, committed 131264K, reserved 1163264K
  class space    used 17275K, committed 17728K, reserved 1048576K
}
Event: 1339.228 GC heap before
{Heap before GC invocations=59 (full 0):
 garbage-first heap   total 498688K, used 257535K [0x0000000080000000, 0x0000000100000000)
  region size 1024K, 24 young (24576K), 3 survivors (3072K)
 Metaspace       used 130288K, committed 131264K, reserved 1163264K
  class space    used 17275K, committed 17728K, reserved 1048576K
}
Event: 1339.246 GC heap after
{Heap after GC invocations=60 (full 0):
 garbage-first heap   total 498688K, used 238464K [0x0000000080000000, 0x0000000100000000)
  region size 1024K, 3 young (3072K), 3 survivors (3072K)
 Metaspace       used 130288K, committed 131264K, reserved 1163264K
  class space    used 17275K, committed 17728K, reserved 1048576K
}
Event: 1339.854 GC heap before
{Heap before GC invocations=60 (full 0):
 garbage-first heap   total 498688K, used 264064K [0x0000000080000000, 0x0000000100000000)
  region size 1024K, 24 young (24576K), 3 survivors (3072K)
 Metaspace       used 130412K, committed 131392K, reserved 1163264K
  class space    used 17285K, committed 17728K, reserved 1048576K
}
Event: 1339.868 GC heap after
{Heap after GC invocations=61 (full 0):
 garbage-first heap   total 498688K, used 243776K [0x0000000080000000, 0x0000000100000000)
  region size 1024K, 3 young (3072K), 3 survivors (3072K)
 Metaspace       used 130412K, committed 131392K, reserved 1163264K
  class space    used 17285K, committed 17728K, reserved 1048576K
}
Event: 1340.232 GC heap before
{Heap before GC invocations=61 (full 0):
 garbage-first heap   total 498688K, used 265280K [0x0000000080000000, 0x0000000100000000)
  region size 1024K, 24 young (24576K), 3 survivors (3072K)
 Metaspace       used 130452K, committed 131392K, reserved 1163264K
  class space    used 17291K, committed 17728K, reserved 1048576K
}
Event: 1340.243 GC heap after
{Heap after GC invocations=62 (full 0):
 garbage-first heap   total 498688K, used 247488K [0x0000000080000000, 0x0000000100000000)
  region size 1024K, 3 young (3072K), 3 survivors (3072K)
 Metaspace       used 130452K, committed 131392K, reserved 1163264K
  class space    used 17291K, committed 17728K, reserved 1048576K
}
Event: 1341.851 GC heap before
{Heap before GC invocations=62 (full 0):
 garbage-first heap   total 498688K, used 412352K [0x0000000080000000, 0x0000000100000000)
  region size 1024K, 121 young (123904K), 3 survivors (3072K)
 Metaspace       used 130671K, committed 131648K, reserved 1163264K
  class space    used 17299K, committed 17792K, reserved 1048576K
}
Event: 1341.866 GC heap after
{Heap after GC invocations=63 (full 0):
 garbage-first heap   total 498688K, used 256540K [0x0000000080000000, 0x0000000100000000)
  region size 1024K, 2 young (2048K), 2 survivors (2048K)
 Metaspace       used 130671K, committed 131648K, reserved 1163264K
  class space    used 17299K, committed 17792K, reserved 1048576K
}
Event: 1765.305 GC heap before
{Heap before GC invocations=63 (full 0):
 garbage-first heap   total 498688K, used 410140K [0x0000000080000000, 0x0000000100000000)
  region size 1024K, 117 young (119808K), 2 survivors (2048K)
 Metaspace       used 130856K, committed 131840K, reserved 1171456K
  class space    used 17301K, committed 17792K, reserved 1048576K
}
Event: 1765.768 GC heap after
{Heap after GC invocations=64 (full 0):
 garbage-first heap   total 498688K, used 273254K [0x0000000080000000, 0x0000000100000000)
  region size 1024K, 20 young (20480K), 20 survivors (20480K)
 Metaspace       used 130856K, committed 131840K, reserved 1171456K
  class space    used 17301K, committed 17792K, reserved 1048576K
}
Event: 1766.217 GC heap before
{Heap before GC invocations=64 (full 0):
 garbage-first heap   total 498688K, used 292710K [0x0000000080000000, 0x0000000100000000)
  region size 1024K, 24 young (24576K), 20 survivors (20480K)
 Metaspace       used 130863K, committed 131840K, reserved 1171456K
  class space    used 17301K, committed 17792K, reserved 1048576K
}
Event: 1766.300 GC heap after
{Heap after GC invocations=65 (full 0):
 garbage-first heap   total 498688K, used 269886K [0x0000000080000000, 0x0000000100000000)
  region size 1024K, 2 young (2048K), 2 survivors (2048K)
 Metaspace       used 130863K, committed 131840K, reserved 1171456K
  class space    used 17301K, committed 17792K, reserved 1048576K
}
Event: 1771.403 GC heap before
{Heap before GC invocations=65 (full 0):
 garbage-first heap   total 498688K, used 291390K [0x0000000080000000, 0x0000000100000000)
  region size 1024K, 24 young (24576K), 2 survivors (2048K)
 Metaspace       used 130882K, committed 131840K, reserved 1171456K
  class space    used 17301K, committed 17792K, reserved 1048576K
}
Event: 1771.413 GC heap after
{Heap after GC invocations=66 (full 0):
 garbage-first heap   total 498688K, used 271871K [0x0000000080000000, 0x0000000100000000)
  region size 1024K, 3 young (3072K), 3 survivors (3072K)
 Metaspace       used 130882K, committed 131840K, reserved 1171456K
  class space    used 17301K, committed 17792K, reserved 1048576K
}
Event: 1771.626 GC heap before
{Heap before GC invocations=66 (full 0):
 garbage-first heap   total 498688K, used 300543K [0x0000000080000000, 0x0000000100000000)
  region size 1024K, 32 young (32768K), 3 survivors (3072K)
 Metaspace       used 130910K, committed 131968K, reserved 1171456K
  class space    used 17301K, committed 17792K, reserved 1048576K
}
Event: 1771.638 GC heap after
{Heap after GC invocations=67 (full 0):
 garbage-first heap   total 498688K, used 274207K [0x0000000080000000, 0x0000000100000000)
  region size 1024K, 3 young (3072K), 3 survivors (3072K)
 Metaspace       used 130910K, committed 131968K, reserved 1171456K
  class space    used 17301K, committed 17792K, reserved 1048576K
}
Event: 1775.241 GC heap before
{Heap before GC invocations=67 (full 0):
 garbage-first heap   total 498688K, used 418591K [0x0000000080000000, 0x0000000100000000)
  region size 1024K, 112 young (114688K), 3 survivors (3072K)
 Metaspace       used 131339K, committed 132352K, reserved 1171456K
  class space    used 17302K, committed 17792K, reserved 1048576K
}

